c:\users\alan.bittencourt\documents\personal\pong_console_online\pong_console_online\x64\debug\vc143.pdb
c:\users\alan.bittencourt\documents\personal\pong_console_online\pong_console_online\x64\debug\vc143.idb
c:\users\alan.bittencourt\documents\personal\pong_console_online\pong_console_online\x64\debug\pong_console_online.obj
c:\users\alan.bittencourt\documents\personal\pong_console_online\x64\debug\pong_console_online.pdb
c:\users\alan.bittencourt\documents\personal\pong_console_online\pong_console_online\x64\debug\pong_con.1598ff8a.tlog\cl.command.1.tlog
c:\users\alan.bittencourt\documents\personal\pong_console_online\pong_console_online\x64\debug\pong_con.1598ff8a.tlog\cl.read.1.tlog
c:\users\alan.bittencourt\documents\personal\pong_console_online\pong_console_online\x64\debug\pong_con.1598ff8a.tlog\cl.write.1.tlog
c:\users\alan.bittencourt\documents\personal\pong_console_online\pong_console_online\x64\debug\pong_con.1598ff8a.tlog\link-cvtres.read.1.tlog
c:\users\alan.bittencourt\documents\personal\pong_console_online\pong_console_online\x64\debug\pong_con.1598ff8a.tlog\link-cvtres.write.1.tlog
c:\users\alan.bittencourt\documents\personal\pong_console_online\pong_console_online\x64\debug\pong_con.1598ff8a.tlog\link-rc.read.1.tlog
c:\users\alan.bittencourt\documents\personal\pong_console_online\pong_console_online\x64\debug\pong_con.1598ff8a.tlog\link-rc.write.1.tlog
c:\users\alan.bittencourt\documents\personal\pong_console_online\pong_console_online\x64\debug\pong_con.1598ff8a.tlog\link.35956-cvtres.read.1.tlog
c:\users\alan.bittencourt\documents\personal\pong_console_online\pong_console_online\x64\debug\pong_con.1598ff8a.tlog\link.35956-cvtres.write.1.tlog
c:\users\alan.bittencourt\documents\personal\pong_console_online\pong_console_online\x64\debug\pong_con.1598ff8a.tlog\link.35956-rc.read.1.tlog
c:\users\alan.bittencourt\documents\personal\pong_console_online\pong_console_online\x64\debug\pong_con.1598ff8a.tlog\link.35956-rc.write.1.tlog
c:\users\alan.bittencourt\documents\personal\pong_console_online\pong_console_online\x64\debug\pong_con.1598ff8a.tlog\link.35956.read.1.tlog
c:\users\alan.bittencourt\documents\personal\pong_console_online\pong_console_online\x64\debug\pong_con.1598ff8a.tlog\link.35956.read.2.tlog
c:\users\alan.bittencourt\documents\personal\pong_console_online\pong_console_online\x64\debug\pong_con.1598ff8a.tlog\link.35956.write.1.tlog
c:\users\alan.bittencourt\documents\personal\pong_console_online\pong_console_online\x64\debug\pong_con.1598ff8a.tlog\link.command.1.tlog
c:\users\alan.bittencourt\documents\personal\pong_console_online\pong_console_online\x64\debug\pong_con.1598ff8a.tlog\link.read.1.tlog
c:\users\alan.bittencourt\documents\personal\pong_console_online\pong_console_online\x64\debug\pong_con.1598ff8a.tlog\link.read.2.tlog
c:\users\alan.bittencourt\documents\personal\pong_console_online\pong_console_online\x64\debug\pong_con.1598ff8a.tlog\link.write.1.tlog
